make all --print-data-base --no-builtin-variables --no-builtin-rules --question
# GNU Make 3.81
# Copyright (C) 2006  Free Software Foundation, Inc.
# This is free software; see the source for copying conditions.
# There is NO warranty; not even for MERCHANTABILITY or FITNESS FOR A
# PARTICULAR PURPOSE.

# This program built for i386-apple-darwin11.3.0

# Make data base, printed on Sat Mar 13 12:23:33 2021

# Variables

# automatic
<D = $(patsubst %/,%,$(dir $<))
# automatic
?F = $(notdir $?)
# makefile (from `makefile', line 9)
SRC :=    src/camera.cpp src/common.cpp src/main.cpp src/map.cpp src/npc.cpp src/sprite.cpp src/window.cpp 
# environment
VSCODE_LOG_NATIVE = false
# makefile (from `makefile', line 7)
TARGET := game
# automatic
?D = $(patsubst %/,%,$(dir $?))
# automatic
@D = $(patsubst %/,%,$(dir $@))
# automatic
@F = $(notdir $@)
# makefile
CURDIR := /Users/albertobaldini/source/repos/awigame
# makefile
SHELL = /bin/sh
# environment
VSCODE_NLS_CONFIG = {"locale":"en-gb","availableLanguages":{},"_languagePackSupport":true}
# environment
_ = /usr/bin/make
# makefile (from `makefile', line 1)
MAKEFILE_LIST :=  makefile
# environment
VSCODE_NODE_CACHED_DATA_DIR = /Users/albertobaldini/Library/Application Support/Code/CachedData/f30a9b73e8ffc278e71575118b6bf568f04587c8
# makefile (from `makefile', line 5)
OBJ_DIR := ./build/objects
# makefile (from `makefile', line 2)
CXXFLAGS := -Wall -pedantic-errors -std=c++17 -I ./include/
# environment
VSCODE_VERBOSE_LOGGING = true
# environment
__CFBundleIdentifier = com.microsoft.VSCode
# environment
VSCODE_IPC_HOOK_EXTHOST = /var/folders/gm/96hj39290fj1q_hlcb6n57hr0000gn/T/vscode-ipc-57a38736-17c5-4f5d-92d9-87fd2029ee9a.sock
# environment
PATH = /usr/local/bin:/usr/bin:/bin:/usr/sbin:/sbin:/Library/Apple/usr/bin
# environment
VSCODE_LOG_STACK = false
# environment
ELECTRON_RUN_AS_NODE = 1
# makefile (from `makefile', line 3)
LDFLAGS := -L/usr/lib -lstdc++ -lsfml-graphics -lsfml-window -lsfml-system -lm
# default
.FEATURES := target-specific order-only second-expansion else-if archives jobserver check-symlink
# environment
SSH_AUTH_SOCK = /private/tmp/com.apple.launchd.YpayU7TSO3/Listeners
# automatic
%F = $(notdir $%)
# environment
VSCODE_PIPE_LOGGING = true
# environment
PWD = /Users/albertobaldini/source/repos/awigame
# environment
ORIGINAL_XDG_CURRENT_DESKTOP = undefined
# environment
VSCODE_AMD_ENTRYPOINT = vs/workbench/services/extensions/node/extensionHostProcess
# environment
HOME = /Users/albertobaldini
# default
MAKEFILEPATH = $(shell /usr/bin/xcode-select -print-path 2>/dev/null || echo /Developer)/Makefiles
# environment
LOGNAME = albertobaldini
# environment
APPLICATION_INSIGHTS_NO_DIAGNOSTIC_CHANNEL = true
# environment
VSCODE_HANDLES_UNCAUGHT_ERRORS = true
# automatic
^D = $(patsubst %/,%,$(dir $^))
# environment
XPC_FLAGS = 0x0
# default
MAKE = $(MAKE_COMMAND)
# default
MAKECMDGOALS := all
# environment
SHLVL = 1
# default
MAKE_VERSION := 3.81
# environment
USER = albertobaldini
# makefile
.DEFAULT_GOAL := all
# makefile (from `makefile', line 8)
INCLUDE := -I include/
# automatic
%D = $(patsubst %/,%,$(dir $%))
# default
MAKE_COMMAND := /Library/Developer/CommandLineTools/usr/bin/make
# default
.VARIABLES := 
# environment
TMPDIR = /var/folders/gm/96hj39290fj1q_hlcb6n57hr0000gn/T/
# automatic
*F = $(notdir $*)
# environment
VSCODE_IPC_HOOK = /Users/albertobaldini/Library/Application Support/Code/1.54.1-main.sock
# makefile
MAKEFLAGS = Rrqp
# environment
MFLAGS = -Rrqp
# automatic
*D = $(patsubst %/,%,$(dir $*))
# environment
XPC_SERVICE_NAME = application.com.microsoft.VSCode.5530864.5530870
# automatic
+D = $(patsubst %/,%,$(dir $+))
# automatic
+F = $(notdir $+)
# environment
__CF_USER_TEXT_ENCODING = 0x1F5:0x0:0x0
# environment
COMMAND_MODE = unix2003
# default
MAKEFILES := 
# makefile (from `makefile', line 4)
BUILD := ./build
# automatic
<F = $(notdir $<)
# makefile (from `makefile', line 1)
CXX := g++
# automatic
^F = $(notdir $^)
# default
SUFFIXES := 
# default
.INCLUDE_DIRS = /usr/local/include
# environment
MAKELEVEL := 0
# makefile (from `makefile', line 15)
OBJECTS := ./build/objects/src/camera.o ./build/objects/src/common.o ./build/objects/src/main.o ./build/objects/src/map.o ./build/objects/src/npc.o ./build/objects/src/sprite.o ./build/objects/src/window.o
# environment
VSCODE_PID = 880
# makefile (from `makefile', line 6)
APP_DIR := ./build/apps
# variable set hash-table stats:
# Load=69/1024=7%, Rehash=0, Collisions=2/109=2%

# Pattern-specific Variable Values

# No pattern-specific variable values.

# Directories

# src/gameplay: could not be stat'd.
# . (device 16777220, inode 2402931): 16 files, no impossibilities.
# src/graphics: could not be stat'd.
# src/system: could not be stat'd.
# src (device 16777220, inode 2410684): 9 files, no impossibilities.

# 25 files, no impossibilities in 5 directories.

# Implicit Rules

build/objects/%.o: %.cpp
#  commands to execute (from `makefile', line 20):
	@mkdir -p $(@D)
	$(CXX) $(CXXFLAGS) $(INCLUDE) -c $< -o $@ $(LDFLAGS)
	

# 1 implicit rules, 0 (0.0%) terminal.

# Files

build/apps/game: build/objects/src/camera.o build/objects/src/common.o build/objects/src/main.o build/objects/src/map.o build/objects/src/npc.o build/objects/src/sprite.o build/objects/src/window.o
#  Implicit rule search has not been done.
#  Modification time never checked.
#  File has not been updated.
#  commands to execute (from `makefile', line 24):
	@mkdir -p $(@D)
	$(CXX) $(CXXFLAGS) -o $(APP_DIR)/$(TARGET) $^ $(LDFLAGS)
	

# Not a target:
build/objects/src/window.o:
#  Implicit rule search has not been done.
#  Modification time never checked.
#  File has not been updated.

# Not a target:
build/objects/src/npc.o:
#  Implicit rule search has not been done.
#  Modification time never checked.
#  File has not been updated.

all: build build/apps/game
#  Phony target (prerequisite of .PHONY).
#  Command-line target.
#  Implicit rule search has not been done.
#  File does not exist.
#  File has been updated.
#  Needs to be updated (-q is set).
# variable set hash-table stats:
# Load=0/32=0%, Rehash=0, Collisions=0/4=0%

.PHONY: all build clean debug release
#  Implicit rule search has not been done.
#  Modification time never checked.
#  File has not been updated.

# Not a target:
build/objects/src/sprite.o:
#  Implicit rule search has not been done.
#  Modification time never checked.
#  File has not been updated.

# Not a target:
.SUFFIXES:
#  Implicit rule search has not been done.
#  Modification time never checked.
#  File has not been updated.

debug: all
#  Phony target (prerequisite of .PHONY).
#  Implicit rule search has not been done.
#  File does not exist.
#  File has not been updated.
# makefile (from `makefile', line 33)
# CXXFLAGS += -DDEBUG -g
# variable set hash-table stats:
# Load=1/32=3%, Rehash=0, Collisions=0/2=0%

# Not a target:
makefile:
#  Implicit rule search has been done.
#  Last modified 2021-03-11 18:15:05
#  File has been updated.
#  Successfully updated.
# variable set hash-table stats:
# Load=0/32=0%, Rehash=0, Collisions=0/0=0%

build:
#  Phony target (prerequisite of .PHONY).
#  Implicit rule search has not been done.
#  Implicit/static pattern stem: `'
#  File does not exist.
#  File has been updated.
#  Needs to be updated (-q is set).
# automatic
# @ := build
# automatic
# % := 
# automatic
# * := 
# automatic
# + := 
# automatic
# | := 
# automatic
# < := 
# automatic
# ^ := 
# automatic
# ? := 
# variable set hash-table stats:
# Load=8/32=25%, Rehash=0, Collisions=1/12=8%
#  commands to execute (from `makefile', line 30):
	@mkdir -p $(APP_DIR)
	@mkdir -p $(OBJ_DIR)
	

# Not a target:
build/objects/src/map.o:
#  Implicit rule search has not been done.
#  Modification time never checked.
#  File has not been updated.

# Not a target:
build/objects/src/common.o:
#  Implicit rule search has not been done.
#  Modification time never checked.
#  File has not been updated.

release: all
#  Phony target (prerequisite of .PHONY).
#  Implicit rule search has not been done.
#  File does not exist.
#  File has not been updated.
# makefile (from `makefile', line 36)
# CXXFLAGS += -O2
# variable set hash-table stats:
# Load=1/32=3%, Rehash=0, Collisions=0/2=0%

# Not a target:
.DEFAULT:
 
#  Implicit rule search has not been done.
#  Modification time never checked.
#  File has not been updated.

# Not a target:
build/objects/src/camera.o:
#  Implicit rule search has not been done.
#  Modification time never checked.
#  File has not been updated.

clean:
#  Phony target (prerequisite of .PHONY).
#  Implicit rule search has not been done.
#  File does not exist.
#  File has not been updated.
#  commands to execute (from `makefile', line 40):
	-@rm -rvf $(OBJ_DIR)/*
	-@rm -rvf $(APP_DIR)/*
	

# Not a target:
build/objects/src/main.o:
#  Implicit rule search has not been done.
#  Modification time never checked.
#  File has not been updated.

# files hash-table stats:
# Load=17/1024=2%, Rehash=0, Collisions=0/51=0%
# VPATH Search Paths

# No `vpath' search paths.

# No general (`VPATH' variable) search path.

# # of strings in strcache: 1
# # of strcache buffers: 1
# strcache size: total = 4096 / max = 4096 / min = 4096 / avg = 4096
# strcache free: total = 4087 / max = 4087 / min = 4087 / avg = 4087

# Finished Make data base on Sat Mar 13 12:23:33 2021

 
